<?xml version="1.0" encoding="UTF-8"?>
<testsuite xmlns:xsi="http://www.w3.org/2001/XMLSchema-instance" xsi:noNamespaceSchemaLocation="https://maven.apache.org/surefire/maven-surefire-plugin/xsd/surefire-test-report.xsd" name="com.sodexo.msc.noticias.MscPersonalApplicationTests" time="0.13" tests="1" errors="1" skipped="0" failures="0">
  <properties>
[...]
</properties>
  <testcase name="com.sodexo.msc.noticias.MscPersonalApplicationTests" classname="com.sodexo.msc.noticias.MscPersonalApplicationTests" time="0.128">
    <error message="Configuration error: found multiple declarations of @BootstrapWith for test class [com.sodexo.msc.noticias.MscPersonalApplicationTests]: [@org.springframework.test.context.BootstrapWith(value=org.springframework.boot.test.context.SpringBootTestContextBootstrapper.class), @org.springframework.test.context.BootstrapWith(value=org.springframework.boot.test.autoconfigure.web.servlet.WebMvcTestContextBootstrapper.class)]" type="java.lang.IllegalStateException">java.lang.IllegalStateException: Configuration error: found multiple declarations of @BootstrapWith for test class [com.sodexo.msc.noticias.MscPersonalApplicationTests]: [@org.springframework.test.context.BootstrapWith(value=org.springframework.boot.test.context.SpringBootTestContextBootstrapper.class), @org.springframework.test.context.BootstrapWith(value=org.springframework.boot.test.autoconfigure.web.servlet.WebMvcTestContextBootstrapper.class)]
</error>
    <system-out><![CDATA[23:29:53.348 [main] DEBUG org.springframework.test.context.BootstrapUtils - Instantiating CacheAwareContextLoaderDelegate from class [org.springframework.test.context.cache.DefaultCacheAwareContextLoaderDelegate]
23:29:53.359 [main] DEBUG org.springframework.test.context.BootstrapUtils - Instantiating BootstrapContext using constructor [public org.springframework.test.context.support.DefaultBootstrapContext(java.lang.Class,org.springframework.test.context.CacheAwareContextLoaderDelegate)]
]]></system-out>
  </testcase>
</testsuite>